{"/Users/flipside-anthony/Developer/personal/fp-ts-implicit/src/Monoid.ts": {"path":"/Users/flipside-anthony/Developer/personal/fp-ts-implicit/src/Monoid.ts","statementMap":{"0":{"start":{"line":1,"column":0},"end":{"line":1,"column":55}},"1":{"start":{"line":11,"column":13},"end":{"line":11,"column":61}},"2":{"start":{"line":13,"column":32},"end":{"line":15,"column":1}},"3":{"start":{"line":14,"column":2},"end":{"line":14,"column":22}},"4":{"start":{"line":13,"column":13},"end":{"line":13,"column":32}},"5":{"start":{"line":17,"column":27},"end":{"line":19,"column":1}},"6":{"start":{"line":18,"column":2},"end":{"line":18,"column":25}},"7":{"start":{"line":17,"column":13},"end":{"line":17,"column":27}},"8":{"start":{"line":22,"column":2},"end":{"line":24,"column":40}},"9":{"start":{"line":23,"column":2},"end":{"line":24,"column":40}},"10":{"start":{"line":24,"column":4},"end":{"line":24,"column":40}},"11":{"start":{"line":21,"column":13},"end":{"line":21,"column":null}}},"fnMap":{"0":{"name":"(anonymous_0)","decl":{"start":{"line":13,"column":32},"end":{"line":13,"column":33}},"loc":{"start":{"line":13,"column":67},"end":{"line":15,"column":1}}},"1":{"name":"(anonymous_1)","decl":{"start":{"line":17,"column":27},"end":{"line":17,"column":48}},"loc":{"start":{"line":17,"column":93},"end":{"line":19,"column":1}}},"2":{"name":"(anonymous_2)","decl":{"start":{"line":22,"column":2},"end":{"line":22,"column":6}},"loc":{"start":{"line":23,"column":2},"end":{"line":24,"column":40}}},"3":{"name":"(anonymous_3)","decl":{"start":{"line":23,"column":2},"end":{"line":23,"column":3}},"loc":{"start":{"line":24,"column":4},"end":{"line":24,"column":40}}}},"branchMap":{},"s":{"0":2,"1":2,"2":2,"3":0,"4":2,"5":2,"6":10,"7":2,"8":2,"9":5,"10":5,"11":2},"f":{"0":0,"1":10,"2":5,"3":5},"b":{}}
,"/Users/flipside-anthony/Developer/personal/fp-ts-implicit/src/Semigroup.ts": {"path":"/Users/flipside-anthony/Developer/personal/fp-ts-implicit/src/Semigroup.ts","statementMap":{"0":{"start":{"line":1,"column":0},"end":{"line":1,"column":61}},"1":{"start":{"line":2,"column":0},"end":{"line":2,"column":104}},"2":{"start":{"line":12,"column":18},"end":{"line":12,"column":56}},"3":{"start":{"line":14,"column":32},"end":{"line":16,"column":1}},"4":{"start":{"line":15,"column":2},"end":{"line":15,"column":22}},"5":{"start":{"line":14,"column":13},"end":{"line":14,"column":32}},"6":{"start":{"line":18,"column":27},"end":{"line":20,"column":1}},"7":{"start":{"line":19,"column":2},"end":{"line":19,"column":52}},"8":{"start":{"line":18,"column":13},"end":{"line":18,"column":27}},"9":{"start":{"line":23,"column":2},"end":{"line":25,"column":54}},"10":{"start":{"line":24,"column":2},"end":{"line":25,"column":54}},"11":{"start":{"line":25,"column":4},"end":{"line":25,"column":54}},"12":{"start":{"line":22,"column":13},"end":{"line":22,"column":null}}},"fnMap":{"0":{"name":"(anonymous_0)","decl":{"start":{"line":14,"column":32},"end":{"line":14,"column":33}},"loc":{"start":{"line":14,"column":70},"end":{"line":16,"column":1}}},"1":{"name":"(anonymous_1)","decl":{"start":{"line":18,"column":27},"end":{"line":18,"column":48}},"loc":{"start":{"line":18,"column":96},"end":{"line":20,"column":1}}},"2":{"name":"(anonymous_2)","decl":{"start":{"line":23,"column":2},"end":{"line":23,"column":6}},"loc":{"start":{"line":24,"column":2},"end":{"line":25,"column":54}}},"3":{"name":"(anonymous_3)","decl":{"start":{"line":24,"column":2},"end":{"line":24,"column":3}},"loc":{"start":{"line":25,"column":4},"end":{"line":25,"column":54}}}},"branchMap":{"0":{"loc":{"start":{"line":19,"column":9},"end":{"line":19,"column":51}},"type":"cond-expr","locations":[{"start":{"line":19,"column":24},"end":{"line":19,"column":28}},{"start":{"line":19,"column":28},"end":{"line":19,"column":51}}]},"1":{"loc":{"start":{"line":19,"column":9},"end":{"line":19,"column":28}},"type":"binary-expr","locations":[{"start":{"line":19,"column":9},"end":{"line":19,"column":28}},{"start":{"line":19,"column":24},"end":{"line":19,"column":28}}]}},"s":{"0":2,"1":2,"2":2,"3":2,"4":0,"5":2,"6":2,"7":5,"8":2,"9":2,"10":5,"11":5,"12":2},"f":{"0":0,"1":5,"2":5,"3":5},"b":{"0":[0,5],"1":[5,5]}}
,"/Users/flipside-anthony/Developer/personal/fp-ts-implicit/src/boolean.ts": {"path":"/Users/flipside-anthony/Developer/personal/fp-ts-implicit/src/boolean.ts","statementMap":{"0":{"start":{"line":2,"column":0},"end":{"line":2,"column":35}},"1":{"start":{"line":3,"column":0},"end":{"line":3,"column":44}},"2":{"start":{"line":12,"column":0},"end":{"line":12,"column":37}},"3":{"start":{"line":13,"column":0},"end":{"line":13,"column":37}},"4":{"start":{"line":15,"column":13},"end":{"line":15,"column":21}}},"fnMap":{},"branchMap":{},"s":{"0":0,"1":0,"2":0,"3":0,"4":0},"f":{},"b":{}}
,"/Users/flipside-anthony/Developer/personal/fp-ts-implicit/src/index.ts": {"path":"/Users/flipside-anthony/Developer/personal/fp-ts-implicit/src/index.ts","statementMap":{"0":{"start":{"line":1,"column":0},"end":{"line":1,"column":30}},"1":{"start":{"line":4,"column":14},"end":{"line":4,"column":20}},"2":{"start":{"line":2,"column":0},"end":{"line":2,"column":33}},"3":{"start":{"line":4,"column":27},"end":{"line":4,"column":36}}},"fnMap":{},"branchMap":{},"s":{"0":2,"1":2,"2":2,"3":2},"f":{},"b":{}}
,"/Users/flipside-anthony/Developer/personal/fp-ts-implicit/src/number.ts": {"path":"/Users/flipside-anthony/Developer/personal/fp-ts-implicit/src/number.ts","statementMap":{"0":{"start":{"line":1,"column":0},"end":{"line":1,"column":34}},"1":{"start":{"line":2,"column":0},"end":{"line":2,"column":44}},"2":{"start":{"line":11,"column":0},"end":{"line":11,"column":37}},"3":{"start":{"line":12,"column":0},"end":{"line":12,"column":45}},"4":{"start":{"line":14,"column":13},"end":{"line":14,"column":21}}},"fnMap":{},"branchMap":{},"s":{"0":0,"1":0,"2":0,"3":0,"4":0},"f":{},"b":{}}
,"/Users/flipside-anthony/Developer/personal/fp-ts-implicit/src/string.ts": {"path":"/Users/flipside-anthony/Developer/personal/fp-ts-implicit/src/string.ts","statementMap":{"0":{"start":{"line":2,"column":0},"end":{"line":2,"column":34}},"1":{"start":{"line":3,"column":0},"end":{"line":3,"column":44}},"2":{"start":{"line":11,"column":0},"end":{"line":11,"column":37}},"3":{"start":{"line":13,"column":13},"end":{"line":13,"column":21}}},"fnMap":{},"branchMap":{},"s":{"0":0,"1":0,"2":0,"3":0},"f":{},"b":{}}
}
