TN:
SF:src/Monoid.ts
FN:13,(anonymous_0)
FN:17,(anonymous_1)
FN:22,(anonymous_2)
FN:23,(anonymous_3)
FNF:4
FNH:3
FNDA:0,(anonymous_0)
FNDA:10,(anonymous_1)
FNDA:5,(anonymous_2)
FNDA:5,(anonymous_3)
DA:1,2
DA:11,2
DA:13,2
DA:14,0
DA:17,2
DA:18,10
DA:21,2
DA:22,2
DA:23,5
DA:24,5
LF:10
LH:9
BRF:0
BRH:0
end_of_record
TN:
SF:src/Semigroup.ts
FN:14,(anonymous_0)
FN:18,(anonymous_1)
FN:23,(anonymous_2)
FN:24,(anonymous_3)
FNF:4
FNH:3
FNDA:0,(anonymous_0)
FNDA:5,(anonymous_1)
FNDA:5,(anonymous_2)
FNDA:5,(anonymous_3)
DA:1,2
DA:2,2
DA:12,2
DA:14,2
DA:15,0
DA:18,2
DA:19,5
DA:22,2
DA:23,2
DA:24,5
DA:25,5
LF:11
LH:10
BRDA:19,0,0,0
BRDA:19,0,1,5
BRDA:19,1,0,5
BRDA:19,1,1,5
BRF:4
BRH:3
end_of_record
TN:
SF:src/boolean.ts
FNF:0
FNH:0
DA:2,0
DA:3,0
DA:12,0
DA:13,0
DA:15,0
LF:5
LH:0
BRF:0
BRH:0
end_of_record
TN:
SF:src/index.ts
FNF:0
FNH:0
DA:1,2
DA:2,2
DA:4,2
LF:3
LH:3
BRF:0
BRH:0
end_of_record
TN:
SF:src/number.ts
FNF:0
FNH:0
DA:1,0
DA:2,0
DA:11,0
DA:12,0
DA:14,0
LF:5
LH:0
BRF:0
BRH:0
end_of_record
TN:
SF:src/string.ts
FNF:0
FNH:0
DA:2,0
DA:3,0
DA:11,0
DA:13,0
LF:4
LH:0
BRF:0
BRH:0
end_of_record
